[INFO ] 2024-01-29 20:48:53.400 [main] BaseClass - Url is open
[INFO ] 2024-01-29 20:48:53.464 [main] BaseClass - Enter user id
[INFO ] 2024-01-29 20:48:54.833 [main] BaseClass - Enter password
[INFO ] 2024-01-29 20:48:57.165 [main] BaseClass - Enter submit button
[INFO ] 2024-01-29 20:48:58.173 [main] BaseClass - Login Successfull
[INFO ] 2024-01-29 21:09:11.388 [main] BaseClass - Url is open
[INFO ] 2024-01-29 21:09:11.431 [main] BaseClass - Enter user id
[INFO ] 2024-01-29 21:09:12.631 [main] BaseClass - Enter password
[INFO ] 2024-01-29 21:09:15.300 [main] BaseClass - Enter submit button
[INFO ] 2024-01-29 21:09:16.313 [main] BaseClass - Login Successfull
[INFO ] 2024-01-29 21:09:56.577 [main] BaseClass - Url is open
[INFO ] 2024-01-29 21:09:56.710 [main] BaseClass - Enter user id
[INFO ] 2024-01-29 21:09:59.572 [main] BaseClass - Enter password
[INFO ] 2024-01-29 21:10:02.143 [main] BaseClass - Enter submit button
[INFO ] 2024-01-29 21:10:03.143 [main] BaseClass - Login Successfull
[INFO ] 2024-01-30 01:26:51.042 [main] BaseClass - Url is open
[INFO ] 2024-01-30 01:26:51.087 [main] BaseClass - Enter user id
[INFO ] 2024-01-30 01:26:52.336 [main] BaseClass - Enter password
[INFO ] 2024-01-30 01:26:54.046 [main] BaseClass - Enter submit button
[INFO ] 2024-01-30 01:26:55.059 [main] BaseClass - Login Successfull
[INFO ] 2024-01-30 01:27:21.993 [main] BaseClass - Url is open
[INFO ] 2024-01-30 01:27:22.035 [main] BaseClass - Enter user id
[INFO ] 2024-01-30 01:27:23.318 [main] BaseClass - Enter password
[INFO ] 2024-01-30 01:27:25.079 [main] BaseClass - Enter submit button
[INFO ] 2024-01-30 01:27:26.092 [main] BaseClass - Login Successfull
[INFO ] 2024-01-30 01:28:28.698 [main] BaseClass - Url is open
[INFO ] 2024-01-30 01:28:28.747 [main] BaseClass - Enter user id
[INFO ] 2024-01-30 01:28:29.942 [main] BaseClass - Enter password
[INFO ] 2024-01-30 01:28:31.657 [main] BaseClass - Enter submit button
[INFO ] 2024-01-30 01:28:32.666 [main] BaseClass - Login Successfull
[INFO ] 2024-01-30 01:39:23.052 [main] BaseClass - Url is open
[INFO ] 2024-01-30 01:39:23.125 [main] BaseClass - Enter user id
[INFO ] 2024-01-30 01:39:24.342 [main] BaseClass - Enter password
[INFO ] 2024-01-30 01:39:26.910 [main] BaseClass - Enter submit button
[INFO ] 2024-01-30 01:39:27.923 [main] BaseClass - Login Successfull
[INFO ] 2024-01-30 01:40:14.569 [main] BaseClass - Url is open
[INFO ] 2024-01-30 01:40:14.616 [main] BaseClass - Enter user id
[INFO ] 2024-01-30 01:40:15.807 [main] BaseClass - Enter password
[INFO ] 2024-01-30 01:40:18.375 [main] BaseClass - Enter submit button
[INFO ] 2024-01-30 01:40:19.380 [main] BaseClass - Login Successfull
[INFO ] 2024-01-30 03:41:34.808 [main] BaseClass - Url is open
[INFO ] 2024-01-30 03:41:34.860 [main] BaseClass - Enter user id
[INFO ] 2024-01-30 03:41:36.151 [main] BaseClass - Enter password
[INFO ] 2024-01-30 03:41:38.111 [main] BaseClass - Enter submit button
[INFO ] 2024-01-30 03:41:39.113 [main] BaseClass - Login Successfull
[INFO ] 2024-01-30 03:44:14.086 [main] BaseClass - Url is open
[INFO ] 2024-01-30 03:44:14.180 [main] BaseClass - Enter user id
[INFO ] 2024-01-30 03:44:15.441 [main] BaseClass - Enter password
[INFO ] 2024-01-30 03:44:17.956 [main] BaseClass - Enter submit button
[INFO ] 2024-01-30 03:44:18.965 [main] BaseClass - Login Successfull
[INFO ] 2024-01-30 03:47:19.868 [main] BaseClass - Url is open
[INFO ] 2024-01-30 03:47:19.964 [main] BaseClass - Enter user id
[INFO ] 2024-01-30 03:47:21.182 [main] BaseClass - Enter password
[INFO ] 2024-01-30 03:47:23.689 [main] BaseClass - Enter submit button
[INFO ] 2024-01-30 03:47:24.697 [main] BaseClass - Login Successfull
[INFO ] 2024-01-30 14:16:05.170 [main] BaseClass - Url is open
[INFO ] 2024-01-30 14:16:05.215 [main] BaseClass - Enter user id
[INFO ] 2024-01-30 14:16:06.386 [main] BaseClass - Enter password
[INFO ] 2024-01-30 14:16:09.854 [main] BaseClass - Enter submit button
[INFO ] 2024-01-30 14:16:10.859 [main] BaseClass - Login Successfull
[INFO ] 2024-01-30 15:06:55.521 [main] BaseClass - Url is open
[INFO ] 2024-01-30 15:06:55.757 [main] BaseClass - Enter user id
[INFO ] 2024-01-30 15:06:57.077 [main] BaseClass - Enter password
[INFO ] 2024-01-30 15:06:59.964 [main] BaseClass - Enter submit button
[INFO ] 2024-01-30 15:07:00.978 [main] BaseClass - Login Successfull
[INFO ] 2024-01-30 15:17:14.055 [main] BaseClass - Url is open
[INFO ] 2024-01-30 15:17:14.088 [main] BaseClass - Enter user id
[INFO ] 2024-01-30 15:17:15.259 [main] BaseClass - Enter password
[INFO ] 2024-01-30 15:17:16.773 [main] BaseClass - Enter submit button
[INFO ] 2024-01-30 15:17:17.785 [main] BaseClass - Login Successfull
[INFO ] 2024-01-30 15:18:21.439 [main] BaseClass - Url is open
[INFO ] 2024-01-30 15:18:21.496 [main] BaseClass - Enter user id
[INFO ] 2024-01-30 15:18:22.659 [main] BaseClass - Enter password
[INFO ] 2024-01-30 15:18:24.072 [main] BaseClass - Enter submit button
[INFO ] 2024-01-30 15:18:25.081 [main] BaseClass - Login Successfull
[INFO ] 2024-01-30 15:19:30.563 [main] BaseClass - Url is open
[INFO ] 2024-01-30 15:19:30.610 [main] BaseClass - Enter user id
[INFO ] 2024-01-30 15:19:31.888 [main] BaseClass - Enter password
[INFO ] 2024-01-30 15:19:33.334 [main] BaseClass - Enter submit button
[INFO ] 2024-01-30 15:19:34.341 [main] BaseClass - Login Successfull
[INFO ] 2024-01-30 15:24:34.662 [main] BaseClass - Url is open
[INFO ] 2024-01-30 15:24:34.710 [main] BaseClass - Enter user id
[INFO ] 2024-01-30 15:24:35.886 [main] BaseClass - Enter password
[INFO ] 2024-01-30 15:24:41.355 [main] BaseClass - Enter submit button
[INFO ] 2024-01-30 15:24:42.362 [main] BaseClass - Login Successfull
[INFO ] 2024-01-30 15:41:05.424 [main] BaseClass - Url is open
[INFO ] 2024-01-30 15:41:05.480 [main] BaseClass - Enter user id
[INFO ] 2024-01-30 15:41:06.674 [main] BaseClass - Enter password
[INFO ] 2024-01-30 15:41:09.283 [main] BaseClass - Enter submit button
[INFO ] 2024-01-30 15:41:10.286 [main] BaseClass - Login Successfull
[INFO ] 2024-01-30 15:44:59.284 [main] BaseClass - Url is open
[INFO ] 2024-01-30 15:44:59.332 [main] BaseClass - Enter user id
[INFO ] 2024-01-30 15:45:00.594 [main] BaseClass - Enter password
[INFO ] 2024-01-30 15:45:03.066 [main] BaseClass - Enter submit button
[INFO ] 2024-01-30 15:45:04.076 [main] BaseClass - Login Successfull
[INFO ] 2024-01-30 15:52:20.305 [main] BaseClass - Url is open
[INFO ] 2024-01-30 15:52:20.357 [main] BaseClass - Enter user id
[INFO ] 2024-01-30 15:52:21.607 [main] BaseClass - Enter password
[INFO ] 2024-01-30 15:52:24.049 [main] BaseClass - Enter submit button
[INFO ] 2024-01-30 15:52:25.055 [main] BaseClass - Login Successfull
[INFO ] 2024-01-30 15:58:01.186 [main] BaseClass - Url is open
[INFO ] 2024-01-30 15:58:01.256 [main] BaseClass - Enter user id
[INFO ] 2024-01-30 15:58:02.478 [main] BaseClass - Enter password
[INFO ] 2024-01-30 15:58:05.349 [main] BaseClass - Enter submit button
[INFO ] 2024-01-30 15:58:06.365 [main] BaseClass - Login Successfull
[INFO ] 2024-01-30 15:59:23.075 [main] BaseClass - Url is open
[INFO ] 2024-01-30 15:59:23.113 [main] BaseClass - Enter user id
[INFO ] 2024-01-30 15:59:24.338 [main] BaseClass - Enter password
[INFO ] 2024-01-30 15:59:26.040 [main] BaseClass - Enter submit button
[INFO ] 2024-01-30 15:59:27.055 [main] BaseClass - Login Successfull
